2025-09-26 16:30:56,301 - INFO - Starting run_query_reload.py (prefix=chat_index, topk=4, generator=disabled, rerank=False)
2025-09-26 16:30:56,301 - INFO - Loaded 4 docs from chat_index_docs.json
2025-09-26 16:30:56,301 - INFO - Loading embedder model: all-MiniLM-L6-v2
2025-09-26 16:31:01,534 - INFO - Loaded FAISS index: chat_index.faiss (ntotal=4, metric=0)
2025-09-26 16:31:01,534 - INFO - Ready to query.
2025-09-26 16:31:24,337 - INFO - User: what is python?
2025-09-26 16:31:24,384 - INFO - Bot (retrieved): Python is a powerful programming language.
It is widely used in data science, AI, and web development.

Web development involves building websites and applications.
Python frameworks like Django and Flask are popular for backend development.

Machine learning is the process of teaching computers to learn patterns from data.
It includes supervised learning, unsupervised learning, and reinforcement learning.

Deep learning uses artificial neural networks with many layers.
It is especially effective for images, speech, and natural language processing.
2025-09-26 16:31:53,832 - INFO - User: what is deep learning?
2025-09-26 16:31:53,847 - INFO - Bot (retrieved): Deep learning uses artificial neural networks with many layers.
It is especially effective for images, speech, and natural language processing.

Machine learning is the process of teaching computers to learn patterns from data.
It includes supervised learning, unsupervised learning, and reinforcement learning.

Python is a powerful programming language.
It is widely used in data science, AI, and web development.

Web development involves building websites and applications.
Python frameworks like Django and Flask are popular for backend development.
2025-09-26 16:32:00,074 - INFO - Session ended.
